<?xml version="1.0" encoding="UTF-8"?>
<testsuite name="baekjoon.bronze.No10872Test" tests="2" skipped="0" failures="0" errors="0" timestamp="2023-03-02T15:37:43" hostname="멍멍이" time="0.068">
  <properties/>
  <testcase name="[1] 10, 3628800" classname="baekjoon.bronze.No10872Test" time="0.065"/>
  <testcase name="[2] 0, 1" classname="baekjoon.bronze.No10872Test" time="0.0"/>
  <system-out><![CDATA[]]></system-out>
  <system-err><![CDATA[]]></system-err>
</testsuite>
