<?xml version="1.0" encoding="UTF-8"?>
<testsuite name="baekjoon.silver.No1920Test" tests="1" skipped="0" failures="0" errors="0" timestamp="2023-03-02T14:11:45" hostname="멍멍이" time="0.055">
  <properties/>
  <testcase name="백준 No1920 테스트" classname="baekjoon.silver.No1920Test" time="0.055"/>
  <system-out><![CDATA[]]></system-out>
  <system-err><![CDATA[]]></system-err>
</testsuite>
