<?xml version="1.0" encoding="UTF-8"?>
<testsuite name="baekjoon.silver.No11650Test" tests="1" skipped="0" failures="0" errors="0" timestamp="2023-02-27T14:49:45" hostname="멍멍이" time="0.063">
  <properties/>
  <testcase name="백준 No11650 테스트" classname="baekjoon.silver.No11650Test" time="0.063"/>
  <system-out><![CDATA[]]></system-out>
  <system-err><![CDATA[]]></system-err>
</testsuite>
