<?xml version="1.0" encoding="UTF-8"?>
<testsuite name="baekjoon.bronze.No2739Test" tests="1" skipped="0" failures="0" errors="0" timestamp="2023-02-06T08:55:41" hostname="멍멍이" time="0.067">
  <properties/>
  <testcase name="백준 No2739 테스트" classname="baekjoon.bronze.No2739Test" time="0.067"/>
  <system-out><![CDATA[]]></system-out>
  <system-err><![CDATA[]]></system-err>
</testsuite>
