<?xml version="1.0" encoding="UTF-8"?>
<testsuite name="baekjoon.silver.No1003Test" tests="2" skipped="0" failures="0" errors="0" timestamp="2023-03-12T15:38:47" hostname="멍멍이" time="0.069">
  <properties/>
  <testcase name="[1] 0" classname="baekjoon.silver.No1003Test" time="0.066"/>
  <testcase name="[2] 1" classname="baekjoon.silver.No1003Test" time="0.0"/>
  <system-out><![CDATA[]]></system-out>
  <system-err><![CDATA[]]></system-err>
</testsuite>
