<?xml version="1.0" encoding="UTF-8"?>
<testsuite name="programmers.level0.No120583Test" tests="1" skipped="0" failures="0" errors="0" timestamp="2023-02-05T08:23:26" hostname="멍멍이" time="0.055">
  <properties/>
  <testcase name="프로그래머스 No120583 테스트" classname="programmers.level0.No120583Test" time="0.055"/>
  <system-out><![CDATA[]]></system-out>
  <system-err><![CDATA[]]></system-err>
</testsuite>
