<?xml version="1.0" encoding="UTF-8"?>
<testsuite name="baekjoon.bronze.No27736Test" tests="4" skipped="0" failures="0" errors="0" timestamp="2023-03-13T15:43:13" hostname="멍멍이" time="0.072">
  <properties/>
  <testcase name="[1] 0" classname="baekjoon.bronze.No27736Test" time="0.067"/>
  <testcase name="[2] 1" classname="baekjoon.bronze.No27736Test" time="0.001"/>
  <testcase name="[3] 2" classname="baekjoon.bronze.No27736Test" time="0.0"/>
  <testcase name="[4] 3" classname="baekjoon.bronze.No27736Test" time="0.0"/>
  <system-out><![CDATA[]]></system-out>
  <system-err><![CDATA[]]></system-err>
</testsuite>
