<?xml version="1.0" encoding="UTF-8"?>
<testsuite name="baekjoon.bronze.No15829Test" tests="3" skipped="0" failures="0" errors="0" timestamp="2023-02-20T19:19:26" hostname="멍멍이" time="0.073">
  <properties/>
  <testcase name="[1] 0" classname="baekjoon.bronze.No15829Test" time="0.069"/>
  <testcase name="[2] 1" classname="baekjoon.bronze.No15829Test" time="0.001"/>
  <testcase name="[3] 2" classname="baekjoon.bronze.No15829Test" time="0.0"/>
  <system-out><![CDATA[]]></system-out>
  <system-err><![CDATA[]]></system-err>
</testsuite>
