<?xml version="1.0" encoding="UTF-8"?>
<testsuite name="baekjoon.bronze.No10809Test" tests="1" skipped="0" failures="0" errors="0" timestamp="2023-02-06T11:36:15" hostname="멍멍이" time="0.061">
  <properties/>
  <testcase name="백준 No10809 테스트" classname="baekjoon.bronze.No10809Test" time="0.061"/>
  <system-out><![CDATA[]]></system-out>
  <system-err><![CDATA[]]></system-err>
</testsuite>
