<?xml version="1.0" encoding="UTF-8"?>
<testsuite name="baekjoon.bronze.No10250Test" tests="1" skipped="0" failures="0" errors="0" timestamp="2023-02-13T19:53:13" hostname="멍멍이" time="0.066">
  <properties/>
  <testcase name="백준 No10250번 테스트" classname="baekjoon.bronze.No10250Test" time="0.066"/>
  <system-out><![CDATA[]]></system-out>
  <system-err><![CDATA[]]></system-err>
</testsuite>
