<?xml version="1.0" encoding="UTF-8"?>
<testsuite name="programmers.level1.No42576Test" tests="3" skipped="0" failures="0" errors="0" timestamp="2023-03-09T09:28:08" hostname="멍멍이" time="0.072">
  <properties/>
  <testcase name="[1] 0" classname="programmers.level1.No42576Test" time="0.067"/>
  <testcase name="[2] 1" classname="programmers.level1.No42576Test" time="0.001"/>
  <testcase name="[3] 2" classname="programmers.level1.No42576Test" time="0.0"/>
  <system-out><![CDATA[]]></system-out>
  <system-err><![CDATA[]]></system-err>
</testsuite>
