<?xml version="1.0" encoding="UTF-8"?>
<testsuite name="baekjoon.bronze.No2609Test" tests="1" skipped="0" failures="0" errors="0" timestamp="2023-02-20T19:59:58" hostname="멍멍이" time="0.055">
  <properties/>
  <testcase name="백준 No2609 테스트" classname="baekjoon.bronze.No2609Test" time="0.055"/>
  <system-out><![CDATA[]]></system-out>
  <system-err><![CDATA[]]></system-err>
</testsuite>
