<?xml version="1.0" encoding="UTF-8"?>
<testsuite name="baekjoon.bronze.No1085Test" tests="4" skipped="0" failures="0" errors="0" timestamp="2023-02-09T10:16:54" hostname="멍멍이" time="0.074">
  <properties/>
  <testcase name="[1] 6 2 10 3, 1" classname="baekjoon.bronze.No1085Test" time="0.068"/>
  <testcase name="[2] 1 1 5 5, 1" classname="baekjoon.bronze.No1085Test" time="0.0"/>
  <testcase name="[3] 653 375 1000 1000, 347" classname="baekjoon.bronze.No1085Test" time="0.001"/>
  <testcase name="[4] 161 181 762 375, 161" classname="baekjoon.bronze.No1085Test" time="0.0"/>
  <system-out><![CDATA[]]></system-out>
  <system-err><![CDATA[]]></system-err>
</testsuite>
