<?xml version="1.0" encoding="UTF-8"?>
<testsuite name="baekjoon.bronze.No1157Test" tests="4" skipped="0" failures="0" errors="0" timestamp="2023-02-06T12:19:22" hostname="멍멍이" time="0.082">
  <properties/>
  <testcase name="[1] Mississipi, ?" classname="baekjoon.bronze.No1157Test" time="0.072"/>
  <testcase name="[2] zZa, Z" classname="baekjoon.bronze.No1157Test" time="0.003"/>
  <testcase name="[3] z, Z" classname="baekjoon.bronze.No1157Test" time="0.001"/>
  <testcase name="[4] baaa, A" classname="baekjoon.bronze.No1157Test" time="0.0"/>
  <system-out><![CDATA[]]></system-out>
  <system-err><![CDATA[]]></system-err>
</testsuite>
