<?xml version="1.0" encoding="UTF-8"?>
<testsuite name="baekjoon.bronze.No11050Test" tests="1" skipped="0" failures="0" errors="0" timestamp="2023-02-21T19:36:28" hostname="멍멍이" time="0.056">
  <properties/>
  <testcase name="백준 No11050 테스트" classname="baekjoon.bronze.No11050Test" time="0.056"/>
  <system-out><![CDATA[]]></system-out>
  <system-err><![CDATA[]]></system-err>
</testsuite>
