<?xml version="1.0" encoding="UTF-8"?>
<testsuite name="baekjoon.silver.No11651Test" tests="1" skipped="0" failures="0" errors="0" timestamp="2023-03-01T13:55:23" hostname="멍멍이" time="0.062">
  <properties/>
  <testcase name="백준 No11651 테스트" classname="baekjoon.silver.No11651Test" time="0.062"/>
  <system-out><![CDATA[]]></system-out>
  <system-err><![CDATA[]]></system-err>
</testsuite>
