<?xml version="1.0" encoding="UTF-8"?>
<testsuite name="baekjoon.silver.No1654Test" tests="1" skipped="0" failures="0" errors="0" timestamp="2023-03-04T15:50:26" hostname="멍멍이" time="0.055">
  <properties/>
  <testcase name="백준 No1654 테스트" classname="baekjoon.silver.No1654Test" time="0.055"/>
  <system-out><![CDATA[]]></system-out>
  <system-err><![CDATA[]]></system-err>
</testsuite>
