<?xml version="1.0" encoding="UTF-8"?>
<testsuite name="baekjoon.bronze.No2775Test" tests="1" skipped="0" failures="0" errors="0" timestamp="2023-02-21T18:54:38" hostname="멍멍이" time="0.059">
  <properties/>
  <testcase name="백준 No2775 테스트" classname="baekjoon.bronze.No2775Test" time="0.059"/>
  <system-out><![CDATA[]]></system-out>
  <system-err><![CDATA[]]></system-err>
</testsuite>
