<?xml version="1.0" encoding="UTF-8"?>
<testsuite name="baekjoon.bronze.No1001Test" tests="1" skipped="0" failures="0" errors="0" timestamp="2023-02-01T15:06:50" hostname="멍멍이" time="0.002">
  <properties/>
  <testcase name="1001번 테스트" classname="baekjoon.bronze.No1001Test" time="0.002"/>
  <system-out><![CDATA[]]></system-out>
  <system-err><![CDATA[]]></system-err>
</testsuite>
