<?xml version="1.0" encoding="UTF-8"?>
<testsuite name="baekjoon.silver.No2751Test" tests="1" skipped="0" failures="0" errors="0" timestamp="2023-02-22T07:32:26" hostname="멍멍이" time="0.058">
  <properties/>
  <testcase name="백준 No2751 테스트" classname="baekjoon.silver.No2751Test" time="0.058"/>
  <system-out><![CDATA[]]></system-out>
  <system-err><![CDATA[]]></system-err>
</testsuite>
