<?xml version="1.0" encoding="UTF-8"?>
<testsuite name="programmers.level0.No120802Test" tests="1" skipped="0" failures="0" errors="0" timestamp="2023-02-05T07:15:10" hostname="멍멍이" time="0.057">
  <properties/>
  <testcase name="메소드명" classname="programmers.level0.No120802Test" time="0.057"/>
  <system-out><![CDATA[]]></system-out>
  <system-err><![CDATA[]]></system-err>
</testsuite>
