<?xml version="1.0" encoding="UTF-8"?>
<testsuite name="baekjoon.bronze.No2231Test" tests="1" skipped="0" failures="0" errors="0" timestamp="2023-02-12T20:02:03" hostname="멍멍이" time="0.054">
  <properties/>
  <testcase name="백준 No2231 테스트" classname="baekjoon.bronze.No2231Test" time="0.054"/>
  <system-out><![CDATA[]]></system-out>
  <system-err><![CDATA[]]></system-err>
</testsuite>
