<?xml version="1.0" encoding="UTF-8"?>
<testsuite name="baekjoon.bronze.No1152Test" tests="4" skipped="0" failures="0" errors="0" timestamp="2023-02-01T15:06:50" hostname="멍멍이" time="0.228">
  <properties/>
  <testcase name="1152번 테스트2" classname="baekjoon.bronze.No1152Test" time="0.12"/>
  <testcase name="[1] The Curious Case of Benjamin Button, 6" classname="baekjoon.bronze.No1152Test" time="0.032"/>
  <testcase name="[2] The first character is a blank, 6" classname="baekjoon.bronze.No1152Test" time="0.001"/>
  <testcase name="[3] The last character is a blank, 6" classname="baekjoon.bronze.No1152Test" time="0.001"/>
  <system-out><![CDATA[]]></system-out>
  <system-err><![CDATA[]]></system-err>
</testsuite>
