<?xml version="1.0" encoding="UTF-8"?>
<testsuite name="baekjoon.silver.No7568Test" tests="1" skipped="0" failures="0" errors="0" timestamp="2023-03-02T10:17:45" hostname="멍멍이" time="0.054">
  <properties/>
  <testcase name="백준 No7568 테스트" classname="baekjoon.silver.No7568Test" time="0.054"/>
  <system-out><![CDATA[]]></system-out>
  <system-err><![CDATA[]]></system-err>
</testsuite>
