<?xml version="1.0" encoding="UTF-8"?>
<testsuite name="baekjoon.bronze.No11382Test" tests="1" skipped="0" failures="0" errors="0" timestamp="2023-02-14T09:39:51" hostname="멍멍이" time="0.057">
  <properties/>
  <testcase name="백준 No11382 테스트" classname="baekjoon.bronze.No11382Test" time="0.057"/>
  <system-out><![CDATA[]]></system-out>
  <system-err><![CDATA[]]></system-err>
</testsuite>
