<?xml version="1.0" encoding="UTF-8"?>
<testsuite name="baekjoon.bronze.No15552Test" tests="1" skipped="0" failures="0" errors="0" timestamp="2023-02-28T10:36:36" hostname="멍멍이" time="0.064">
  <properties/>
  <testcase name="백준 No15552 테스트" classname="baekjoon.bronze.No15552Test" time="0.064"/>
  <system-out><![CDATA[2
46
505
100
2000
]]></system-out>
  <system-err><![CDATA[]]></system-err>
</testsuite>
