<?xml version="1.0" encoding="UTF-8"?>
<testsuite name="baekjoon.bronze.No2675Test" tests="1" skipped="0" failures="0" errors="0" timestamp="2023-02-08T19:01:18" hostname="멍멍이" time="0.064">
  <properties/>
  <testcase name="백준 No2675 테스트" classname="baekjoon.bronze.No2675Test" time="0.064"/>
  <system-out><![CDATA[]]></system-out>
  <system-err><![CDATA[]]></system-err>
</testsuite>
