<?xml version="1.0" encoding="UTF-8"?>
<testsuite name="programmers.level1.No42840Test" tests="2" skipped="0" failures="0" errors="0" timestamp="2023-03-13T08:49:40" hostname="멍멍이" time="0.072">
  <properties/>
  <testcase name="[1] 0" classname="programmers.level1.No42840Test" time="0.069"/>
  <testcase name="[2] 1" classname="programmers.level1.No42840Test" time="0.0"/>
  <system-out><![CDATA[]]></system-out>
  <system-err><![CDATA[]]></system-err>
</testsuite>
