<?xml version="1.0" encoding="UTF-8"?>
<testsuite name="baekjoon.silver.No4949Test" tests="1" skipped="0" failures="0" errors="0" timestamp="2023-03-08T20:23:43" hostname="멍멍이" time="0.06">
  <properties/>
  <testcase name="백준 No4949 테스트" classname="baekjoon.silver.No4949Test" time="0.06"/>
  <system-out><![CDATA[]]></system-out>
  <system-err><![CDATA[]]></system-err>
</testsuite>
