<?xml version="1.0" encoding="UTF-8"?>
<testsuite name="baekjoon.silver.No1181Test" tests="1" skipped="0" failures="0" errors="0" timestamp="2023-03-01T13:19:44" hostname="멍멍이" time="0.059">
  <properties/>
  <testcase name="백준 No1181 테스트" classname="baekjoon.silver.No1181Test" time="0.059"/>
  <system-out><![CDATA[]]></system-out>
  <system-err><![CDATA[]]></system-err>
</testsuite>
