<?xml version="1.0" encoding="UTF-8"?>
<testsuite name="baekjoon.silver.No1436Test" tests="5" skipped="0" failures="0" errors="0" timestamp="2023-02-11T14:17:11" hostname="멍멍이" time="0.084">
  <properties/>
  <testcase name="[1] 2, 1666" classname="baekjoon.silver.No1436Test" time="0.067"/>
  <testcase name="[2] 3, 2666" classname="baekjoon.silver.No1436Test" time="0.001"/>
  <testcase name="[3] 6, 5666" classname="baekjoon.silver.No1436Test" time="0.0"/>
  <testcase name="[4] 187, 66666" classname="baekjoon.silver.No1436Test" time="0.004"/>
  <testcase name="[5] 500, 166699" classname="baekjoon.silver.No1436Test" time="0.004"/>
  <system-out><![CDATA[]]></system-out>
  <system-err><![CDATA[]]></system-err>
</testsuite>
